{"C:\\Disc D\\Web Development\\GoIT\\2_Node\\blended-2-node-44\\src\\controllers\\clients.js": {"path":"C:\\Disc D\\Web Development\\GoIT\\2_Node\\blended-2-node-44\\src\\controllers\\clients.js","statementMap":{"0":{"start":{"line":1,"column":17},"end":{"line":1,"column":47}},"1":{"start":{"line":3,"column":15},"end":{"line":7,"column":1}},"2":{"start":{"line":4,"column":21},"end":{"line":4,"column":30}},"3":{"start":{"line":5,"column":18},"end":{"line":5,"column":54}},"4":{"start":{"line":6,"column":2},"end":{"line":6,"column":24}},"5":{"start":{"line":9,"column":16},"end":{"line":15,"column":1}},"6":{"start":{"line":10,"column":17},"end":{"line":10,"column":27}},"7":{"start":{"line":11,"column":17},"end":{"line":11,"column":50}},"8":{"start":{"line":12,"column":2},"end":{"line":14,"column":53}},"9":{"start":{"line":17,"column":21},"end":{"line":22,"column":1}},"10":{"start":{"line":18,"column":17},"end":{"line":18,"column":61}},"11":{"start":{"line":19,"column":2},"end":{"line":21,"column":5}},"12":{"start":{"line":24,"column":21},"end":{"line":31,"column":1}},"13":{"start":{"line":25,"column":17},"end":{"line":25,"column":27}},"14":{"start":{"line":27,"column":17},"end":{"line":27,"column":65}},"15":{"start":{"line":28,"column":2},"end":{"line":30,"column":53}},"16":{"start":{"line":33,"column":21},"end":{"line":39,"column":1}},"17":{"start":{"line":34,"column":17},"end":{"line":34,"column":27}},"18":{"start":{"line":35,"column":17},"end":{"line":35,"column":65}},"19":{"start":{"line":36,"column":2},"end":{"line":38,"column":53}},"20":{"start":{"line":41,"column":21},"end":{"line":47,"column":1}},"21":{"start":{"line":42,"column":17},"end":{"line":42,"column":27}},"22":{"start":{"line":43,"column":17},"end":{"line":43,"column":55}},"23":{"start":{"line":44,"column":2},"end":{"line":46,"column":53}},"24":{"start":{"line":49,"column":0},"end":{"line":56,"column":2}}},"fnMap":{"0":{"name":"(anonymous_0)","decl":{"start":{"line":3,"column":15},"end":{"line":3,"column":16}},"loc":{"start":{"line":3,"column":35},"end":{"line":7,"column":1}},"line":3},"1":{"name":"(anonymous_1)","decl":{"start":{"line":9,"column":16},"end":{"line":9,"column":17}},"loc":{"start":{"line":9,"column":36},"end":{"line":15,"column":1}},"line":9},"2":{"name":"(anonymous_2)","decl":{"start":{"line":17,"column":21},"end":{"line":17,"column":22}},"loc":{"start":{"line":17,"column":41},"end":{"line":22,"column":1}},"line":17},"3":{"name":"(anonymous_3)","decl":{"start":{"line":24,"column":21},"end":{"line":24,"column":22}},"loc":{"start":{"line":24,"column":41},"end":{"line":31,"column":1}},"line":24},"4":{"name":"(anonymous_4)","decl":{"start":{"line":33,"column":21},"end":{"line":33,"column":22}},"loc":{"start":{"line":33,"column":41},"end":{"line":39,"column":1}},"line":33},"5":{"name":"(anonymous_5)","decl":{"start":{"line":41,"column":21},"end":{"line":41,"column":22}},"loc":{"start":{"line":41,"column":41},"end":{"line":47,"column":1}},"line":41}},"branchMap":{"0":{"loc":{"start":{"line":12,"column":2},"end":{"line":14,"column":52}},"type":"cond-expr","locations":[{"start":{"line":13,"column":6},"end":{"line":13,"column":26}},{"start":{"line":14,"column":6},"end":{"line":14,"column":52}}],"line":12},"1":{"loc":{"start":{"line":28,"column":2},"end":{"line":30,"column":52}},"type":"cond-expr","locations":[{"start":{"line":29,"column":6},"end":{"line":29,"column":26}},{"start":{"line":30,"column":6},"end":{"line":30,"column":52}}],"line":28},"2":{"loc":{"start":{"line":36,"column":2},"end":{"line":38,"column":52}},"type":"cond-expr","locations":[{"start":{"line":37,"column":6},"end":{"line":37,"column":26}},{"start":{"line":38,"column":6},"end":{"line":38,"column":52}}],"line":36},"3":{"loc":{"start":{"line":44,"column":2},"end":{"line":46,"column":52}},"type":"cond-expr","locations":[{"start":{"line":45,"column":6},"end":{"line":45,"column":26}},{"start":{"line":46,"column":6},"end":{"line":46,"column":52}}],"line":44}},"s":{"0":1,"1":1,"2":0,"3":0,"4":0,"5":1,"6":2,"7":2,"8":2,"9":1,"10":0,"11":0,"12":1,"13":0,"14":0,"15":0,"16":1,"17":0,"18":0,"19":0,"20":1,"21":0,"22":0,"23":0,"24":1},"f":{"0":0,"1":2,"2":0,"3":0,"4":0,"5":0},"b":{"0":[1,1],"1":[0,0],"2":[0,0],"3":[0,0]},"_coverageSchema":"1a1c01bbd47fc00a2c39e90264f33305004495a9","hash":"66d9a0c7e421436fd81c1e6170db8042b478b8ff"}
,"C:\\Disc D\\Web Development\\GoIT\\2_Node\\blended-2-node-44\\src\\models\\clients.js": {"path":"C:\\Disc D\\Web Development\\GoIT\\2_Node\\blended-2-node-44\\src\\models\\clients.js","statementMap":{"0":{"start":{"line":1,"column":26},"end":{"line":1,"column":45}},"1":{"start":{"line":2,"column":12},"end":{"line":2,"column":26}},"2":{"start":{"line":3,"column":0},"end":{"line":3,"column":44}},"3":{"start":{"line":5,"column":21},"end":{"line":28,"column":1}},"4":{"start":{"line":30,"column":24},"end":{"line":35,"column":2}},"5":{"start":{"line":37,"column":17},"end":{"line":39,"column":2}},"6":{"start":{"line":41,"column":27},"end":{"line":46,"column":9}},"7":{"start":{"line":48,"column":27},"end":{"line":50,"column":2}},"8":{"start":{"line":52,"column":16},"end":{"line":57,"column":1}},"9":{"start":{"line":59,"column":15},"end":{"line":59,"column":44}},"10":{"start":{"line":61,"column":0},"end":{"line":64,"column":2}}},"fnMap":{},"branchMap":{},"s":{"0":1,"1":1,"2":1,"3":1,"4":1,"5":1,"6":1,"7":1,"8":1,"9":1,"10":1},"f":{},"b":{},"_coverageSchema":"1a1c01bbd47fc00a2c39e90264f33305004495a9","hash":"359e2c23260254fa324aee065c6de3469c876556"}
,"C:\\Disc D\\Web Development\\GoIT\\2_Node\\blended-2-node-44\\src\\services\\clients.js": {"path":"C:\\Disc D\\Web Development\\GoIT\\2_Node\\blended-2-node-44\\src\\services\\clients.js","statementMap":{"0":{"start":{"line":1,"column":19},"end":{"line":1,"column":47}},"1":{"start":{"line":3,"column":22},"end":{"line":14,"column":1}},"2":{"start":{"line":4,"column":24},"end":{"line":4,"column":41}},"3":{"start":{"line":5,"column":39},"end":{"line":5,"column":52}},"4":{"start":{"line":7,"column":17},"end":{"line":12,"column":4}},"5":{"start":{"line":13,"column":2},"end":{"line":13,"column":16}},"6":{"start":{"line":16,"column":23},"end":{"line":19,"column":1}},"7":{"start":{"line":17,"column":17},"end":{"line":17,"column":42}},"8":{"start":{"line":18,"column":2},"end":{"line":18,"column":16}},"9":{"start":{"line":21,"column":28},"end":{"line":24,"column":1}},"10":{"start":{"line":22,"column":17},"end":{"line":22,"column":42}},"11":{"start":{"line":23,"column":2},"end":{"line":23,"column":16}},"12":{"start":{"line":26,"column":28},"end":{"line":29,"column":1}},"13":{"start":{"line":27,"column":17},"end":{"line":27,"column":72}},"14":{"start":{"line":28,"column":2},"end":{"line":28,"column":16}},"15":{"start":{"line":31,"column":28},"end":{"line":34,"column":1}},"16":{"start":{"line":32,"column":17},"end":{"line":32,"column":72}},"17":{"start":{"line":33,"column":2},"end":{"line":33,"column":16}},"18":{"start":{"line":36,"column":28},"end":{"line":39,"column":1}},"19":{"start":{"line":37,"column":17},"end":{"line":37,"column":51}},"20":{"start":{"line":38,"column":2},"end":{"line":38,"column":16}},"21":{"start":{"line":41,"column":0},"end":{"line":48,"column":2}}},"fnMap":{"0":{"name":"(anonymous_0)","decl":{"start":{"line":3,"column":22},"end":{"line":3,"column":23}},"loc":{"start":{"line":3,"column":40},"end":{"line":14,"column":1}},"line":3},"1":{"name":"(anonymous_1)","decl":{"start":{"line":16,"column":23},"end":{"line":16,"column":24}},"loc":{"start":{"line":16,"column":37},"end":{"line":19,"column":1}},"line":16},"2":{"name":"(anonymous_2)","decl":{"start":{"line":21,"column":28},"end":{"line":21,"column":29}},"loc":{"start":{"line":21,"column":44},"end":{"line":24,"column":1}},"line":21},"3":{"name":"(anonymous_3)","decl":{"start":{"line":26,"column":28},"end":{"line":26,"column":29}},"loc":{"start":{"line":26,"column":48},"end":{"line":29,"column":1}},"line":26},"4":{"name":"(anonymous_4)","decl":{"start":{"line":31,"column":28},"end":{"line":31,"column":29}},"loc":{"start":{"line":31,"column":48},"end":{"line":34,"column":1}},"line":31},"5":{"name":"(anonymous_5)","decl":{"start":{"line":36,"column":28},"end":{"line":36,"column":29}},"loc":{"start":{"line":36,"column":42},"end":{"line":39,"column":1}},"line":36}},"branchMap":{},"s":{"0":1,"1":1,"2":0,"3":0,"4":0,"5":0,"6":1,"7":0,"8":0,"9":1,"10":0,"11":0,"12":1,"13":0,"14":0,"15":1,"16":0,"17":0,"18":1,"19":0,"20":0,"21":1},"f":{"0":0,"1":0,"2":0,"3":0,"4":0,"5":0},"b":{},"_coverageSchema":"1a1c01bbd47fc00a2c39e90264f33305004495a9","hash":"8ec39594cbb1c134fdfda9eddebe1f918a281e6f"}
}
